Running: D:\Software\ISE\14.7\ISE_DS\ISE\bin\nt64\unwrapped\fuse.exe -intstyle ise -incremental -lib unisims_ver -lib unimacro_ver -lib xilinxcorelib_ver -lib secureip -o D:/Code/ISE/2018_topic7_student/sim_mips_isim_beh.exe -prj D:/Code/ISE/2018_topic7_student/sim_mips_beh.prj work.sim_mips work.glbl 
ISim P.20131013 (signature 0x7708f090)
Number of CPUs detected in this system: 12
Turning on mult-threading, number of parallel sub-compilation jobs: 24 
Determining compilation order of HDL files
Analyzing Verilog file "D:/Code/ISE/2018_topic7_student/regfile.v" into library work
Analyzing Verilog file "D:/Code/ISE/2018_topic7_student/alu.v" into library work
Analyzing Verilog file "D:/Code/ISE/2018_topic7_student/datapath.v" into library work
Analyzing Verilog file "D:/Code/ISE/2018_topic7_student/cp0.v" into library work
Analyzing Verilog file "D:/Code/ISE/2018_topic7_student/controller.v" into library work
Analyzing Verilog file "D:/Code/ISE/2018_topic7_student/mips_core.v" into library work
Analyzing Verilog file "D:/Code/ISE/2018_topic7_student/inst_rom.v" into library work
Analyzing Verilog file "D:/Code/ISE/2018_topic7_student/data_ram.v" into library work
Analyzing Verilog file "D:/Code/ISE/2018_topic7_student/mips.v" into library work
Analyzing Verilog file "D:/Code/ISE/2018_topic7_student/sim_mips.v" into library work
Analyzing Verilog file "D:/Software/ISE/14.7/ISE_DS/ISE//verilog/src/glbl.v" into library work
Starting static elaboration
WARNING:HDLCompiler:1016 - "D:/Code/ISE/2018_topic7_student/mips.v" Line 68: Port ack is not connected to this instance
Completed static elaboration
Compiling module controller
Compiling module regfile
Compiling module alu
Compiling module datapath
Compiling module cp0
Compiling module mips_core
Compiling module inst_rom
Compiling module data_ram
Compiling module mips
Compiling module sim_mips
Compiling module glbl
Time Resolution for simulation is 1ps.
Compiled 11 Verilog Units
Built simulation executable D:/Code/ISE/2018_topic7_student/sim_mips_isim_beh.exe
Fuse Memory Usage: 29916 KB
Fuse CPU Usage: 546 ms
