ISim log file
Running: Z:\code\Computer-Architecture\2018_topic4_student\sim_mips_isim_beh.exe -intstyle ise -gui -tclbatch isim.cmd -wdb Z:/code/Computer-Architecture/2018_topic4_student/sim_mips_isim_beh.wdb 
ISim P.20131013 (signature 0x7708f090)
This is a Full version of ISim.
Time resolution is 1 ps
# onerror resume
# wave add /
# run 1000 ns
Simulator is doing circuit initialization process.
Finished circuit initialization process.
# restart
# run 1.00us
Simulator is doing circuit initialization process.
Finished circuit initialization process.
# restart
# run all
Simulator is doing circuit initialization process.
Finished circuit initialization process.
Stopped at time : 15826690 ns : File "//Mac/Home/code/Computer-Architecture/2018_topic4_student/datapath.v" Line 410
# restart
# run 1.00us
Simulator is doing circuit initialization process.
Finished circuit initialization process.
# restart
# run 1.00us
Simulator is doing circuit initialization process.
Finished circuit initialization process.
# restart
# run 1.00us
Simulator is doing circuit initialization process.
Finished circuit initialization process.
# restart
# run 1.00us
Simulator is doing circuit initialization process.
Finished circuit initialization process.
# restart
# run 1.00us
Simulator is doing circuit initialization process.
Finished circuit initialization process.
